<?xml version="1.0" encoding="UTF-8"?>
<testng-results ignored="0" total="5" passed="4" failed="1" skipped="0">
  <reporter-output>
  </reporter-output>
  <suite started-at="2019-12-16T00:28:31 IST" name="Bigtreecms_FileUpload" finished-at="2019-12-16T00:30:28 IST" duration-ms="116628">
    <groups>
    </groups>
    <test started-at="2019-12-16T00:28:31 IST" name="FileUpload" finished-at="2019-12-16T00:30:28 IST" duration-ms="116628">
      <class name="com.bigtree.test.ImageUpload">
        <test-method is-config="true" signature="LaunchBrowser()[pri:0, instance:com.bigtree.test.ImageUpload@3ee37e5a]" started-at="2019-12-16T00:28:31 IST" name="LaunchBrowser" finished-at="2019-12-16T00:29:07 IST" duration-ms="35635" status="PASS">
          <reporter-output>
          </reporter-output>
        </test-method> <!-- LaunchBrowser -->
        <test-method signature="BigTreeLogin()[pri:0, instance:com.bigtree.test.ImageUpload@3ee37e5a]" started-at="2019-12-16T00:29:07 IST" name="BigTreeLogin" finished-at="2019-12-16T00:29:10 IST" duration-ms="3140" status="PASS">
          <reporter-output>
          </reporter-output>
        </test-method> <!-- BigTreeLogin -->
        <test-method signature="NavigateToFilesScreen()[pri:0, instance:com.bigtree.test.ImageUpload@3ee37e5a]" started-at="2019-12-16T00:29:10 IST" name="NavigateToFilesScreen" finished-at="2019-12-16T00:29:11 IST" duration-ms="864" status="PASS">
          <reporter-output>
          </reporter-output>
        </test-method> <!-- NavigateToFilesScreen -->
        <test-method signature="VerifyAddImagesScreen()[pri:0, instance:com.bigtree.test.ImageUpload@3ee37e5a]" started-at="2019-12-16T00:29:11 IST" name="VerifyAddImagesScreen" finished-at="2019-12-16T00:29:12 IST" duration-ms="977" status="PASS">
          <reporter-output>
          </reporter-output>
        </test-method> <!-- VerifyAddImagesScreen -->
        <test-method signature="VerifyDocUpload()[pri:0, instance:com.bigtree.test.ImageUpload@3ee37e5a]" started-at="2019-12-16T00:29:12 IST" name="VerifyDocUpload" finished-at="2019-12-16T00:29:41 IST" duration-ms="29387" status="PASS">
          <reporter-output>
          </reporter-output>
        </test-method> <!-- VerifyDocUpload -->
        <test-method signature="VerifyDeleteImages()[pri:0, instance:com.bigtree.test.ImageUpload@3ee37e5a]" started-at="2019-12-16T00:29:41 IST" name="VerifyDeleteImages" finished-at="2019-12-16T00:30:24 IST" duration-ms="42788" status="FAIL">
          <exception class="java.lang.AssertionError">
            <message>
              <![CDATA[The following asserts failed:
No More Delete popup is available further did not expect to find [false] but found [true],
No More Delete popup is available further did not expect to find [false] but found [true]]]>
            </message>
            <full-stacktrace>
              <![CDATA[java.lang.AssertionError: The following asserts failed:
No More Delete popup is available further did not expect to find [false] but found [true],
No More Delete popup is available further did not expect to find [false] but found [true]
at org.testng.asserts.SoftAssert.assertAll(SoftAssert.java:47)
at org.testng.asserts.SoftAssert.assertAll(SoftAssert.java:31)
at com.bigtree.test.ImageUpload.VerifyDeleteImages(ImageUpload.java:263)
at java.base/jdk.internal.reflect.NativeMethodAccessorImpl.invoke0(Native Method)
at java.base/jdk.internal.reflect.NativeMethodAccessorImpl.invoke(NativeMethodAccessorImpl.java:62)
at java.base/jdk.internal.reflect.DelegatingMethodAccessorImpl.invoke(DelegatingMethodAccessorImpl.java:43)
at java.base/java.lang.reflect.Method.invoke(Method.java:566)
at org.testng.internal.MethodInvocationHelper.invokeMethod(MethodInvocationHelper.java:133)
at org.testng.internal.TestInvoker.invokeMethod(TestInvoker.java:584)
at org.testng.internal.TestInvoker.invokeTestMethod(TestInvoker.java:172)
at org.testng.internal.MethodRunner.runInSequence(MethodRunner.java:46)
at org.testng.internal.TestInvoker$MethodInvocationAgent.invoke(TestInvoker.java:804)
at org.testng.internal.TestInvoker.invokeTestMethods(TestInvoker.java:145)
at org.testng.internal.TestMethodWorker.invokeTestMethods(TestMethodWorker.java:146)
at org.testng.internal.TestMethodWorker.run(TestMethodWorker.java:128)
at java.base/java.util.ArrayList.forEach(ArrayList.java:1540)
at org.testng.TestRunner.privateRun(TestRunner.java:770)
at org.testng.TestRunner.run(TestRunner.java:591)
at org.testng.SuiteRunner.runTest(SuiteRunner.java:402)
at org.testng.SuiteRunner.runSequentially(SuiteRunner.java:396)
at org.testng.SuiteRunner.privateRun(SuiteRunner.java:355)
at org.testng.SuiteRunner.run(SuiteRunner.java:304)
at org.testng.SuiteRunnerWorker.runSuite(SuiteRunnerWorker.java:53)
at org.testng.SuiteRunnerWorker.run(SuiteRunnerWorker.java:96)
at org.testng.TestNG.runSuitesSequentially(TestNG.java:1180)
at org.testng.TestNG.runSuitesLocally(TestNG.java:1102)
at org.testng.TestNG.runSuites(TestNG.java:1032)
at org.testng.TestNG.run(TestNG.java:1000)
at org.testng.remote.AbstractRemoteTestNG.run(AbstractRemoteTestNG.java:115)
at org.testng.remote.RemoteTestNG.initAndRun(RemoteTestNG.java:251)
at org.testng.remote.RemoteTestNG.main(RemoteTestNG.java:77)
]]>
            </full-stacktrace>
          </exception> <!-- java.lang.AssertionError -->
          <reporter-output>
          </reporter-output>
        </test-method> <!-- VerifyDeleteImages -->
        <test-method is-config="true" signature="TearDown()[pri:0, instance:com.bigtree.test.ImageUpload@3ee37e5a]" started-at="2019-12-16T00:30:24 IST" name="TearDown" finished-at="2019-12-16T00:30:28 IST" duration-ms="3760" status="PASS">
          <reporter-output>
          </reporter-output>
        </test-method> <!-- TearDown -->
      </class> <!-- com.bigtree.test.ImageUpload -->
    </test> <!-- FileUpload -->
  </suite> <!-- Bigtreecms_FileUpload -->
</testng-results>
